<?xml version="1.0" encoding="UTF-8"?>
<testsuite xmlns:xsi="http://www.w3.org/2001/XMLSchema-instance" xsi:noNamespaceSchemaLocation="https://maven.apache.org/surefire/maven-surefire-plugin/xsd/surefire-test-report-3.0.xsd" version="3.0" name="com.mimaraslan.AppMainTests" time="2.815" tests="1" errors="0" skipped="0" failures="0">
  <properties>
[...]
</properties>
  <testcase name="contextLoads" classname="com.mimaraslan.AppMainTests" time="0.779">
    <system-out><![CDATA[23:20:37.354 [main] INFO org.springframework.test.context.support.AnnotationConfigContextLoaderUtils -- Could not detect default configuration classes for test class [com.mimaraslan.AppMainTests]: AppMainTests does not declare any static, non-private, non-final, nested classes annotated with @Configuration.
23:20:37.435 [main] INFO org.springframework.boot.test.context.SpringBootTestContextBootstrapper -- Found @SpringBootConfiguration com.mimaraslan.AppMain for test class com.mimaraslan.AppMainTests

  .   ____          _            __ _ _
 /\\ / ___'_ __ _ _(_)_ __  __ _ \ \ \ \
( ( )\___ | '_ | '_| | '_ \/ _` | \ \ \ \
 \\/  ___)| |_)| | | | | || (_| |  ) ) ) )
  '  |____| .__|_| |_|_| |_\__, | / / / /
 =========|_|==============|___/=/_/_/_/
 :: Spring Boot ::                (v3.1.3)

2023-09-07T23:20:37.794+03:00  INFO 23616 --- [           main] com.mimaraslan.AppMainTests              : Starting AppMainTests using Java 17.0.7 with PID 23616 (started by mimar in D:\workspace\devops-automation)
2023-09-07T23:20:37.795+03:00  INFO 23616 --- [           main] com.mimaraslan.AppMainTests              : No active profile set, falling back to 1 default profile: "default"
2023-09-07T23:20:39.107+03:00  INFO 23616 --- [           main] o.s.b.a.e.web.EndpointLinksResolver      : Exposing 13 endpoint(s) beneath base path '/actuator'
2023-09-07T23:20:39.190+03:00  INFO 23616 --- [           main] com.mimaraslan.AppMainTests              : Started AppMainTests in 1.629 seconds (process running for 2.307)
]]></system-out>
  </testcase>
</testsuite>